<?xml version="1.0" encoding="UTF-8"?>
<!-- Generated by org.testng.reporters.JUnitXMLReporter -->
<testsuite ignored="0" hostname="Anil" failures="0" tests="5" name="Surefire test" time="53.895" errors="0" timestamp="2024-12-29T13:24:59 IST">
  <testcase classname="tests.ErrorValidationsTest" name="LoginError" time="0.458"/>
  <testcase classname="tests.ErrorValidationsTest" name="ProductErrorValidation" time="3.194"/>
  <testcase classname="tests.SubmitOderTest" name="SubmitOrder" time="4.318"/>
  <testcase classname="tests.SubmitOderTest" name="SubmitOrder" time="4.548"/>
  <testcase classname="tests.SubmitOderTest" name="OrderHistory" time="0.685"/>
</testsuite> <!-- Surefire test -->
