<?xml version="1.0" encoding="UTF-8"?>
<!-- Generated by org.testng.reporters.JUnitXMLReporter -->
<testsuite ignored="0" hostname="Anil" failures="0" tests="3" name="Submit Oder Test" time="31.1" errors="0" timestamp="2024-12-29T13:52:46 IST">
  <testcase classname="tests.SubmitOderTest" name="SubmitOrder" time="5.072"/>
  <testcase classname="tests.SubmitOderTest" name="SubmitOrder" time="4.468"/>
  <testcase classname="tests.SubmitOderTest" name="OrderHistory" time="0.649"/>
</testsuite> <!-- Submit Oder Test -->
