<?xml version="1.0" encoding="UTF-8"?>
<testng-results ignored="0" total="5" passed="5" failed="0" skipped="0">
  <reporter-output>
  </reporter-output>
  <suite started-at="2024-12-29T13:52:15 IST" name="Suite" finished-at="2024-12-29T13:52:46 IST" duration-ms="31100">
    <groups>
      <group name="ErrorHandling">
        <method signature="ErrorValidationsTest.LoginError()[pri:0, instance:tests.ErrorValidationsTest@d2de489]" name="LoginError" class="tests.ErrorValidationsTest"/>
      </group> <!-- ErrorHandling -->
      <group name="Purchase">
        <method signature="SubmitOderTest.SubmitOrder(java.util.HashMap)[pri:0, instance:tests.SubmitOderTest@4a8355dd]" name="SubmitOrder" class="tests.SubmitOderTest"/>
      </group> <!-- Purchase -->
    </groups>
    <test started-at="2024-12-29T13:52:15 IST" name="Error Validations Test" finished-at="2024-12-29T13:52:39 IST" duration-ms="24036">
      <class name="tests.ErrorValidationsTest">
        <test-method is-config="true" signature="lauchApplication()[pri:0, instance:tests.ErrorValidationsTest@d2de489]" started-at="2024-12-29T13:52:15 IST" name="lauchApplication" finished-at="2024-12-29T13:52:30 IST" duration-ms="14613" status="PASS">
          <reporter-output>
          </reporter-output>
        </test-method> <!-- lauchApplication -->
        <test-method signature="LoginError()[pri:0, instance:tests.ErrorValidationsTest@d2de489]" started-at="2024-12-29T13:52:30 IST" name="LoginError" finished-at="2024-12-29T13:52:30 IST" duration-ms="717" status="PASS">
          <reporter-output>
          </reporter-output>
        </test-method> <!-- LoginError -->
        <test-method is-config="true" signature="tearDown()[pri:0, instance:tests.ErrorValidationsTest@d2de489]" started-at="2024-12-29T13:52:30 IST" name="tearDown" finished-at="2024-12-29T13:52:31 IST" duration-ms="203" status="PASS">
          <reporter-output>
          </reporter-output>
        </test-method> <!-- tearDown -->
        <test-method is-config="true" signature="lauchApplication()[pri:0, instance:tests.ErrorValidationsTest@d2de489]" started-at="2024-12-29T13:52:31 IST" name="lauchApplication" finished-at="2024-12-29T13:52:35 IST" duration-ms="4905" status="PASS">
          <reporter-output>
          </reporter-output>
        </test-method> <!-- lauchApplication -->
        <test-method signature="ProductErrorValidation()[pri:0, instance:tests.ErrorValidationsTest@d2de489]" started-at="2024-12-29T13:52:35 IST" name="ProductErrorValidation" finished-at="2024-12-29T13:52:39 IST" duration-ms="3359" status="PASS">
          <reporter-output>
          </reporter-output>
        </test-method> <!-- ProductErrorValidation -->
        <test-method is-config="true" signature="tearDown()[pri:0, instance:tests.ErrorValidationsTest@d2de489]" started-at="2024-12-29T13:52:39 IST" name="tearDown" finished-at="2024-12-29T13:52:39 IST" duration-ms="183" status="PASS">
          <reporter-output>
          </reporter-output>
        </test-method> <!-- tearDown -->
      </class> <!-- tests.ErrorValidationsTest -->
    </test> <!-- Error Validations Test -->
    <test started-at="2024-12-29T13:52:15 IST" name="Submit Oder Test" finished-at="2024-12-29T13:52:46 IST" duration-ms="31100">
      <class name="tests.SubmitOderTest">
        <test-method is-config="true" signature="lauchApplication()[pri:0, instance:tests.SubmitOderTest@4a8355dd]" started-at="2024-12-29T13:52:15 IST" name="lauchApplication" finished-at="2024-12-29T13:52:26 IST" duration-ms="11026" status="PASS">
          <reporter-output>
          </reporter-output>
        </test-method> <!-- lauchApplication -->
        <test-method signature="SubmitOrder(java.util.HashMap)[pri:0, instance:tests.SubmitOderTest@4a8355dd]" started-at="2024-12-29T13:52:26 IST" name="SubmitOrder" data-provider="getData" finished-at="2024-12-29T13:52:31 IST" duration-ms="5072" status="PASS">
          <params>
            <param index="0">
              <value>
                <![CDATA[{password=Anil@1997, email=anilsirimilla@gmail.com, productName=IPHONE 13 PRO}]]>
              </value>
            </param>
          </params>
          <reporter-output>
          </reporter-output>
        </test-method> <!-- SubmitOrder -->
        <test-method is-config="true" signature="tearDown()[pri:0, instance:tests.SubmitOderTest@4a8355dd]" started-at="2024-12-29T13:52:31 IST" name="tearDown" finished-at="2024-12-29T13:52:32 IST" duration-ms="244" status="PASS">
          <reporter-output>
          </reporter-output>
        </test-method> <!-- tearDown -->
        <test-method is-config="true" signature="lauchApplication()[pri:0, instance:tests.SubmitOderTest@4a8355dd]" started-at="2024-12-29T13:52:32 IST" name="lauchApplication" finished-at="2024-12-29T13:52:36 IST" duration-ms="4525" status="PASS">
          <reporter-output>
          </reporter-output>
        </test-method> <!-- lauchApplication -->
        <test-method signature="SubmitOrder(java.util.HashMap)[pri:0, instance:tests.SubmitOderTest@4a8355dd]" started-at="2024-12-29T13:52:36 IST" name="SubmitOrder" data-provider="getData" finished-at="2024-12-29T13:52:41 IST" duration-ms="4468" status="PASS">
          <params>
            <param index="0">
              <value>
                <![CDATA[{password=Anil@1997, email=anilsirimilla3@gmail.com, productName=ADIDAS ORIGINAL}]]>
              </value>
            </param>
          </params>
          <reporter-output>
          </reporter-output>
        </test-method> <!-- SubmitOrder -->
        <test-method is-config="true" signature="tearDown()[pri:0, instance:tests.SubmitOderTest@4a8355dd]" started-at="2024-12-29T13:52:41 IST" name="tearDown" finished-at="2024-12-29T13:52:41 IST" duration-ms="186" status="PASS">
          <reporter-output>
          </reporter-output>
        </test-method> <!-- tearDown -->
        <test-method is-config="true" signature="lauchApplication()[pri:0, instance:tests.SubmitOderTest@4a8355dd]" started-at="2024-12-29T13:52:41 IST" name="lauchApplication" finished-at="2024-12-29T13:52:45 IST" duration-ms="4571" status="PASS">
          <reporter-output>
          </reporter-output>
        </test-method> <!-- lauchApplication -->
        <test-method signature="OrderHistory()[pri:0, instance:tests.SubmitOderTest@4a8355dd]" started-at="2024-12-29T13:52:45 IST" name="OrderHistory" finished-at="2024-12-29T13:52:46 IST" depends-on-methods="tests.SubmitOderTest.SubmitOrder" duration-ms="649" status="PASS">
          <reporter-output>
          </reporter-output>
        </test-method> <!-- OrderHistory -->
        <test-method is-config="true" signature="tearDown()[pri:0, instance:tests.SubmitOderTest@4a8355dd]" started-at="2024-12-29T13:52:46 IST" name="tearDown" finished-at="2024-12-29T13:52:46 IST" duration-ms="134" status="PASS">
          <reporter-output>
          </reporter-output>
        </test-method> <!-- tearDown -->
      </class> <!-- tests.SubmitOderTest -->
    </test> <!-- Submit Oder Test -->
  </suite> <!-- Suite -->
</testng-results>
